<?xml version="1.0" encoding="UTF-8"?>
<testng-results skipped="0" failed="0" ignored="0" total="1" passed="1">
  <reporter-output>
  </reporter-output>
  <suite name="Command line suite" duration-ms="3907" started-at="2020-07-17T10:46:42Z" finished-at="2020-07-17T10:46:46Z">
    <groups>
    </groups>
    <test name="Command line test" duration-ms="3907" started-at="2020-07-17T10:46:42Z" finished-at="2020-07-17T10:46:46Z">
      <class name="com.testcase.ArePDFFilesEqual">
        <test-method status="PASS" signature="PDFcomparecontent()[pri:0, instance:com.testcase.ArePDFFilesEqual@2a5c8d3f]" name="PDFcomparecontent" duration-ms="3907" started-at="2020-07-17T10:46:42Z" finished-at="2020-07-17T10:46:46Z">
          <reporter-output>
          </reporter-output>
        </test-method> <!-- PDFcomparecontent -->
      </class> <!-- com.testcase.ArePDFFilesEqual -->
    </test> <!-- Command line test -->
  </suite> <!-- Command line suite -->
</testng-results>
